<?xml version="1.0" encoding="UTF-8"?>
<testsuite xmlns:xsi="http://www.w3.org/2001/XMLSchema-instance" xsi:noNamespaceSchemaLocation="https://maven.apache.org/surefire/maven-surefire-plugin/xsd/surefire-test-report-3.0.xsd" version="3.0" name="co.e2e.wompi.runners.WompiRunner" time="19.113" tests="5" errors="0" skipped="0" failures="0">
  <properties>
[...]
</properties>
  <testcase name="Transaccion nequi aprobada o declinada #1" classname="Pagos con nequi" time="8.584">
    <system-out><![CDATA[
@aprobadaDeclinada
Scenario Outline: Transaccion nequi aprobada o declinada                                                &amp#27;[90m# src/test/resources/features/wompi_nequi.feature:13&amp#27;[0m
|-- 1: Transaccion nequi aprobada o declinada ({amount_in_cents=200000, telefono=3991111111, referencia=ref-nequi-apr-006, estadoFinal=APPROVED})
|---- Given Configuro el host y llaves
  &amp#27;[32mGiven &amp#27;[0m&amp#27;[32mConfiguro el host y llaves&amp#27;[0m                                                                      &amp#27;[90m# co.e2e.wompi.stepdefinitions.WompiSteps.configuroElHostYLlaves()&amp#27;[0m
|---- And Obtengo un acceptance token valido
|------ Qa get acceptance token
Request method:	GET
Request URI:	https://api-sandbox.co.uat.wompi.dev/v1/merchants/pub_stagtest_g2u0HQd3ZMh05hsSgTS2lUV8t3s4mOt7
Proxy:			<none>
Request params:	<none>
Query params:	<none>
Form params:	<none>
Path params:	<none>
Headers:		Accept=*/*
Cookies:		<none>
Multiparts:		<none>
Body:			<none>
HTTP/1.1 200 OK
Content-Type: application/json
Transfer-Encoding: chunked
Connection: keep-alive
Date: Tue, 19 Aug 2025 02:42:26 GMT
apigw-requestid: PiCm8jiNIAMEPJw=
vary: Origin
vary: accept-encoding
content-encoding: gzip
X-Cache: Miss from cloudfront
Via: 1.1 5a334f8291e38975c678834100b052f2.cloudfront.net (CloudFront)
X-Amz-Cf-Pop: MIA3-C3
X-Amz-Cf-Id: smmTW39G0V9aZUj-va_CNS4tImocuFLCozHoOTkVUU9mjWNdJX7P0Q==
X-XSS-Protection: 1; mode=block
X-Frame-Options: SAMEORIGIN
Referrer-Policy: strict-origin-when-cross-origin
X-Content-Type-Options: nosniff
Strict-Transport-Security: max-age=31536000

{
    "data": {
        "id": 5113,
        "name": "Alejandra Pruebas Sandbox UAT",
        "email": "pruebasensandbox@yopmail.com",
        "contact_name": "Alejandra Pruebas Sandbox UAT",
        "phone_number": "+573000000000",
        "active": true,
        "logo_url": null,
        "legal_name": "Alejandra Pruebas Sandbox UAT",
        "legal_id_type": "CC",
        "legal_id": "1069879849",
        "public_key": "pub_stagtest_g2u0HQd3ZMh05hsSgTS2lUV8t3s4mOt7",
        "accepted_currencies": [
            "COP"
        ],
        "fraud_javascript_key": null,
        "fraud_groups": [
            
        ],
        "accepted_payment_methods": [
            "NEQUI",
            "PSE",
            "BANCOLOMBIA_TRANSFER",
            "CARD",
            "BANCOLOMBIA_COLLECT",
            "BANCOLOMBIA_QR",
            "DAVIPLATA",
            "BANCOLOMBIA_BNPL",
            "SU_PLUS"
        ],
        "payment_methods": [
            {
                "name": "BANCOLOMBIA_BNPL",
                "payment_processors": [
                    {
                        "name": "BANCOLOMBIA_BNPL_SANDBOX"
                    }
                ]
            },
            {
                "name": "BANCOLOMBIA_COLLECT",
                "payment_processors": [
                    {
                        "name": "BANCOLOMBIA_COLLECT_SANDBOX"
                    }
                ]
            },
            {
                "name": "BANCOLOMBIA_QR",
                "payment_processors": [
                    {
                        "name": "BANCOLOMBIA_QR_SANDBOX"
                    }
                ]
            },
            {
                "name": "BANCOLOMBIA_TRANSFER",
                "payment_processors": [
                    {
                        "name": "BANCOLOMBIA_TRANSFER_SANDBOX"
                    }
                ]
            },
            {
                "name": "CARD",
                "payment_processors": [
                    {
                        "name": "CARD_SANDBOX"
                    }
                ]
            },
            {
                "name": "DAVIPLATA",
                "payment_processors": [
                    {
                        "name": "DAVIPLATA_SANDBOX"
                    }
                ]
            },
            {
                "name": "NEQUI",
                "payment_processors": [
                    {
                        "name": "NEQUI_SANDBOX"
                    }
                ]
            },
            {
                "name": "PSE",
                "payment_processors": [
                    {
                        "name": "PSE_SANDBOX"
                    }
                ]
            },
            {
                "name": "SU_PLUS",
                "payment_processors": [
                    {
                        "name": "SU_PLUS_SANDBOX"
                    }
                ]
            }
        ],
        "presigned_acceptance": {
            "acceptance_token": "eyJhbGciOiJIUzI1NiJ9.eyJjb250cmFjdF9pZCI6MjQzLCJwZXJtYWxpbmsiOiJodHRwczovL3dvbXBpLmNvbS9hc3NldHMvZG93bmxvYWRibGUvcmVnbGFtZW50by1Vc3Vhcmlvcy1Db2xvbWJpYS5wZGYiLCJmaWxlX2hhc2giOiJkMWVkMDI3NjhlNDEzZWEyMzFmNzAwMjc0N2Y0N2FhOSIsImppdCI6IjE3NTU1NzEzNDYtODgxNDciLCJlbWFpbCI6IiIsImV4cCI6MTc1NTU3NDk0Nn0.kj8_KMgwCftXRoHjjojj5mLCJj2jv7hU1vvv-IQ0UqQ",
            "permalink": "https://wompi.com/assets/downloadble/reglamento-Usuarios-Colombia.pdf",
            "type": "END_USER_POLICY"
        },
        "presigned_personal_data_auth": {
            "acceptance_token": "eyJhbGciOiJIUzI1NiJ9.eyJjb250cmFjdF9pZCI6NDc0LCJwZXJtYWxpbmsiOiJodHRwczovL3dvbXBpLmNvbS9hc3NldHMvZG93bmxvYWRibGUvYXV0b3JpemFjaW9uLXRyYXRhbWllbnRvLWRhdG9zLXBlcnNvbmFsZXMucGRmIiwiZmlsZV9oYXNoIjoiNTE2ODYzZjA3NzZlZWY3NjBkNGI5OWFiMWJlZjRjNzgiLCJqaXQiOiIxNzU1NTcxMzQ2LTYzNDIwIiwiZW1haWwiOiIifQ.QNVEwxHdi2J8ODFmz-oHC79-Nn6PkR8ckclJv_Tems0",
            "permalink": "https://wompi.com/assets/downloadble/autorizacion-tratamiento-datos-personales.pdf",
            "type": "PERSONAL_DATA_AUTH"
        },
        "click_to_pay_dpa_id": null,
        "mcc": null,
        "acquirer_id": null
    },
    "meta": {
        
    }
}
  &amp#27;[32mAnd &amp#27;[0m&amp#27;[32mObtengo un acceptance token valido&amp#27;[0m                                                                &amp#27;[90m# co.e2e.wompi.stepdefinitions.WompiSteps.obtengoUnAcceptanceTokenValido()&amp#27;[0m
|---- When creo una transaccion Nequi por 200000 COP con telefono 3991111111 y referencia ref-nequi-apr-006
HTTP Status: 201
Transaction ID: 15113-1755571348-82423
Transaction Status: PENDING
LAST_STATUS_CODE = 201
TX_ID = 15113-1755571348-82423
TX_STATUS = PENDING
Request method:	GET
Request URI:	https://api-sandbox.co.uat.wompi.dev/v1/transactions/15113-1755571348-82423
Proxy:			<none>
Request params:	<none>
Query params:	<none>
Form params:	<none>
Path params:	<none>
Headers:		Accept=*/*
Cookies:		<none>
Multiparts:		<none>
Body:			<none>
HTTP/1.1 200 OK
Content-Type: application/json
Content-Length: 903
Connection: keep-alive
Date: Tue, 19 Aug 2025 02:42:30 GMT
vary: Origin
apigw-requestid: PiCnohiuoAMEcqA=
X-Cache: Miss from cloudfront
Via: 1.1 ad3b284751d880099667fccef7bc24e6.cloudfront.net (CloudFront)
X-Amz-Cf-Pop: MIA3-C3
X-Amz-Cf-Id: ipCobpyH9e_ZDkXSDnbe9PddKFwwoB1fhosKJtsbxAw0a38AgHRNxw==
X-XSS-Protection: 1; mode=block
X-Frame-Options: SAMEORIGIN
Referrer-Policy: strict-origin-when-cross-origin
X-Content-Type-Options: nosniff
Strict-Transport-Security: max-age=31536000

{
    "data": {
        "id": "15113-1755571348-82423",
        "created_at": "2025-08-19T02:42:28.868Z",
        "finalized_at": "2025-08-19T02:42:29.414Z",
        "amount_in_cents": 20000000,
        "reference": "ref-nequi-apr-006",
        "currency": "COP",
        "payment_method_type": "NEQUI",
        "payment_method": {
            "type": "NEQUI",
            "extra": {
                "is_three_ds": false,
                "transaction_id": "SANDBOX-1755571349eH6igd",
                "three_ds_auth_type": null,
                "external_identifier": "1755571349APlroJ"
            },
            "phone_number": "3991111111"
        },
        "payment_link_id": null,
        "redirect_url": null,
        "status": "APPROVED",
        "status_message": null,
        "merchant": {
            "id": 5113,
            "name": "Alejandra Pruebas Sandbox UAT",
            "legal_name": "Alejandra Pruebas Sandbox UAT",
            "contact_name": "Alejandra Pruebas Sandbox UAT",
            "phone_number": "+573000000000",
            "logo_url": null,
            "legal_id_type": "CC",
            "email": "pruebasensandbox@yopmail.com",
            "legal_id": "1069879849",
            "public_key": "pub_stagtest_g2u0HQd3ZMh05hsSgTS2lUV8t3s4mOt7"
        },
        "taxes": [
            
        ],
        "tip_in_cents": null
    },
    "meta": {
        
    }
}
  &amp#27;[32mWhen &amp#27;[0m&amp#27;[32mcreo una transaccion Nequi por &amp#27;[0m&amp#27;[32m&amp#27;[1m200000&amp#27;[0m&amp#27;[32m COP con telefono &amp#27;[0m&amp#27;[32m&amp#27;[1m3991111111&amp#27;[0m&amp#27;[32m y referencia &amp#27;[0m&amp#27;[32m&amp#27;[1mref-nequi-apr-006&amp#27;[0m &amp#27;[90m# co.e2e.wompi.stepdefinitions.WompiSteps.creoUnaTransaccionNequiPorMontoCOPConTelefonoTelefonoYReferenciaReferencia(java.lang.String,java.lang.String,java.lang.String)&amp#27;[0m
|---- Then la transaccion llega a un estado final APPROVED antes de agotar el tiempo de espera
|------ Then Estado final de la transacci&oacute;n should be 'APPROVED'
  &amp#27;[32mThen &amp#27;[0m&amp#27;[32mla transaccion llega a un estado final &amp#27;[0m&amp#27;[32m&amp#27;[1mAPPROVED&amp#27;[0m&amp#27;[32m antes de agotar el tiempo de espera&amp#27;[0m              &amp#27;[90m# co.e2e.wompi.stepdefinitions.WompiSteps.laTransaccionLlegaAUnEstadoFinalEstadoFinalAntesDeAgotarElTiempoDeEspera(java.lang.String)&amp#27;[0m
]]></system-out>
    <system-err><![CDATA[SLF4J: No SLF4J providers were found.
SLF4J: Defaulting to no-operation (NOP) logger implementation
SLF4J: See https://www.slf4j.org/codes.html#noProviders for further details.
]]></system-err>
  </testcase>
  <testcase name="Transaccion nequi aprobada o declinada #2" classname="Pagos con nequi" time="3.716">
    <system-out><![CDATA[
@aprobadaDeclinada
Scenario Outline: Transaccion nequi aprobada o declinada                                                &amp#27;[90m# src/test/resources/features/wompi_nequi.feature:14&amp#27;[0m
|-- 2: Transaccion nequi aprobada o declinada ({amount_in_cents=200000, telefono=3992222222, referencia=ref-nequi-dec-005, estadoFinal=DECLINED})
|---- Given Configuro el host y llaves
  &amp#27;[32mGiven &amp#27;[0m&amp#27;[32mConfiguro el host y llaves&amp#27;[0m                                                                      &amp#27;[90m# co.e2e.wompi.stepdefinitions.WompiSteps.configuroElHostYLlaves()&amp#27;[0m
|---- And Obtengo un acceptance token valido
|------ Qa get acceptance token
Request method:	GET
Request URI:	https://api-sandbox.co.uat.wompi.dev/v1/merchants/pub_stagtest_g2u0HQd3ZMh05hsSgTS2lUV8t3s4mOt7
Proxy:			<none>
Request params:	<none>
Query params:	<none>
Form params:	<none>
Path params:	<none>
Headers:		Accept=*/*
Cookies:		<none>
Multiparts:		<none>
Body:			<none>
HTTP/1.1 200 OK
Content-Type: application/json
Transfer-Encoding: chunked
Connection: keep-alive
Date: Tue, 19 Aug 2025 02:42:31 GMT
apigw-requestid: PiCnvjCiIAMEPMQ=
vary: Origin
vary: accept-encoding
content-encoding: gzip
X-Cache: Miss from cloudfront
Via: 1.1 bedc7f726c5c61bbe5343fc78dc92c32.cloudfront.net (CloudFront)
X-Amz-Cf-Pop: MIA3-C3
X-Amz-Cf-Id: LfgKJmPvKmrc-VF5Vm8eJ9yxuo1L0X6IVxi-8DDog1bK7DSQqJhNWQ==
X-XSS-Protection: 1; mode=block
X-Frame-Options: SAMEORIGIN
Referrer-Policy: strict-origin-when-cross-origin
X-Content-Type-Options: nosniff
Strict-Transport-Security: max-age=31536000

{
    "data": {
        "id": 5113,
        "name": "Alejandra Pruebas Sandbox UAT",
        "email": "pruebasensandbox@yopmail.com",
        "contact_name": "Alejandra Pruebas Sandbox UAT",
        "phone_number": "+573000000000",
        "active": true,
        "logo_url": null,
        "legal_name": "Alejandra Pruebas Sandbox UAT",
        "legal_id_type": "CC",
        "legal_id": "1069879849",
        "public_key": "pub_stagtest_g2u0HQd3ZMh05hsSgTS2lUV8t3s4mOt7",
        "accepted_currencies": [
            "COP"
        ],
        "fraud_javascript_key": null,
        "fraud_groups": [
            
        ],
        "accepted_payment_methods": [
            "NEQUI",
            "PSE",
            "BANCOLOMBIA_TRANSFER",
            "CARD",
            "BANCOLOMBIA_COLLECT",
            "BANCOLOMBIA_QR",
            "DAVIPLATA",
            "BANCOLOMBIA_BNPL",
            "SU_PLUS"
        ],
        "payment_methods": [
            {
                "name": "BANCOLOMBIA_BNPL",
                "payment_processors": [
                    {
                        "name": "BANCOLOMBIA_BNPL_SANDBOX"
                    }
                ]
            },
            {
                "name": "BANCOLOMBIA_COLLECT",
                "payment_processors": [
                    {
                        "name": "BANCOLOMBIA_COLLECT_SANDBOX"
                    }
                ]
            },
            {
                "name": "BANCOLOMBIA_QR",
                "payment_processors": [
                    {
                        "name": "BANCOLOMBIA_QR_SANDBOX"
                    }
                ]
            },
            {
                "name": "BANCOLOMBIA_TRANSFER",
                "payment_processors": [
                    {
                        "name": "BANCOLOMBIA_TRANSFER_SANDBOX"
                    }
                ]
            },
            {
                "name": "CARD",
                "payment_processors": [
                    {
                        "name": "CARD_SANDBOX"
                    }
                ]
            },
            {
                "name": "DAVIPLATA",
                "payment_processors": [
                    {
                        "name": "DAVIPLATA_SANDBOX"
                    }
                ]
            },
            {
                "name": "NEQUI",
                "payment_processors": [
                    {
                        "name": "NEQUI_SANDBOX"
                    }
                ]
            },
            {
                "name": "PSE",
                "payment_processors": [
                    {
                        "name": "PSE_SANDBOX"
                    }
                ]
            },
            {
                "name": "SU_PLUS",
                "payment_processors": [
                    {
                        "name": "SU_PLUS_SANDBOX"
                    }
                ]
            }
        ],
        "presigned_acceptance": {
            "acceptance_token": "eyJhbGciOiJIUzI1NiJ9.eyJjb250cmFjdF9pZCI6MjQzLCJwZXJtYWxpbmsiOiJodHRwczovL3dvbXBpLmNvbS9hc3NldHMvZG93bmxvYWRibGUvcmVnbGFtZW50by1Vc3Vhcmlvcy1Db2xvbWJpYS5wZGYiLCJmaWxlX2hhc2giOiJkMWVkMDI3NjhlNDEzZWEyMzFmNzAwMjc0N2Y0N2FhOSIsImppdCI6IjE3NTU1NzEzNTEtNjg2MDUiLCJlbWFpbCI6IiIsImV4cCI6MTc1NTU3NDk1MX0.a_fJn_DodKJ-uZ57xspSKVSO9M8x4HgQ2s2INjJiWD4",
            "permalink": "https://wompi.com/assets/downloadble/reglamento-Usuarios-Colombia.pdf",
            "type": "END_USER_POLICY"
        },
        "presigned_personal_data_auth": {
            "acceptance_token": "eyJhbGciOiJIUzI1NiJ9.eyJjb250cmFjdF9pZCI6NDc0LCJwZXJtYWxpbmsiOiJodHRwczovL3dvbXBpLmNvbS9hc3NldHMvZG93bmxvYWRibGUvYXV0b3JpemFjaW9uLXRyYXRhbWllbnRvLWRhdG9zLXBlcnNvbmFsZXMucGRmIiwiZmlsZV9oYXNoIjoiNTE2ODYzZjA3NzZlZWY3NjBkNGI5OWFiMWJlZjRjNzgiLCJqaXQiOiIxNzU1NTcxMzUxLTgwNjA3IiwiZW1haWwiOiIifQ.0Skp0psU0Et4aDOZonlzprRJ-Wx45kokLvOUBua28PE",
            "permalink": "https://wompi.com/assets/downloadble/autorizacion-tratamiento-datos-personales.pdf",
            "type": "PERSONAL_DATA_AUTH"
        },
        "click_to_pay_dpa_id": null,
        "mcc": null,
        "acquirer_id": null
    },
    "meta": {
        
    }
}
  &amp#27;[32mAnd &amp#27;[0m&amp#27;[32mObtengo un acceptance token valido&amp#27;[0m                                                                &amp#27;[90m# co.e2e.wompi.stepdefinitions.WompiSteps.obtengoUnAcceptanceTokenValido()&amp#27;[0m
|---- When creo una transaccion Nequi por 200000 COP con telefono 3992222222 y referencia ref-nequi-dec-005
HTTP Status: 201
Transaction ID: 15113-1755571352-25894
Transaction Status: PENDING
LAST_STATUS_CODE = 201
TX_ID = 15113-1755571352-25894
TX_STATUS = PENDING
Request method:	GET
Request URI:	https://api-sandbox.co.uat.wompi.dev/v1/transactions/15113-1755571352-25894
Proxy:			<none>
Request params:	<none>
Query params:	<none>
Form params:	<none>
Path params:	<none>
Headers:		Accept=*/*
Cookies:		<none>
Multiparts:		<none>
Body:			<none>
HTTP/1.1 200 OK
Content-Type: application/json
Content-Length: 934
Connection: keep-alive
Date: Tue, 19 Aug 2025 02:42:34 GMT
vary: Origin
apigw-requestid: PiCoPhLkIAMEP2Q=
X-Cache: Miss from cloudfront
Via: 1.1 96ec34ce0a0b54341f66006912ddc5d4.cloudfront.net (CloudFront)
X-Amz-Cf-Pop: MIA3-C3
X-Amz-Cf-Id: KgnuMB5hGOTVVz7xI1WLfoQ8q6qFcMV3VMpbTYamJRbppCBUlJqf2A==
X-XSS-Protection: 1; mode=block
X-Frame-Options: SAMEORIGIN
Referrer-Policy: strict-origin-when-cross-origin
X-Content-Type-Options: nosniff
Strict-Transport-Security: max-age=31536000

{
    "data": {
        "id": "15113-1755571352-25894",
        "created_at": "2025-08-19T02:42:32.527Z",
        "finalized_at": "2025-08-19T02:42:32.887Z",
        "amount_in_cents": 20000000,
        "reference": "ref-nequi-dec-005",
        "currency": "COP",
        "payment_method_type": "NEQUI",
        "payment_method": {
            "type": "NEQUI",
            "extra": {
                "is_three_ds": false,
                "transaction_id": "SANDBOX-1755571352B693r1",
                "three_ds_auth_type": null,
                "external_identifier": "1755571352Qd4Ygo"
            },
            "phone_number": "3992222222"
        },
        "payment_link_id": null,
        "redirect_url": null,
        "status": "DECLINED",
        "status_message": "Transacción RECHAZADA en Sandbox",
        "merchant": {
            "id": 5113,
            "name": "Alejandra Pruebas Sandbox UAT",
            "legal_name": "Alejandra Pruebas Sandbox UAT",
            "contact_name": "Alejandra Pruebas Sandbox UAT",
            "phone_number": "+573000000000",
            "logo_url": null,
            "legal_id_type": "CC",
            "email": "pruebasensandbox@yopmail.com",
            "legal_id": "1069879849",
            "public_key": "pub_stagtest_g2u0HQd3ZMh05hsSgTS2lUV8t3s4mOt7"
        },
        "taxes": [
            
        ],
        "tip_in_cents": null
    },
    "meta": {
        
    }
}
  &amp#27;[32mWhen &amp#27;[0m&amp#27;[32mcreo una transaccion Nequi por &amp#27;[0m&amp#27;[32m&amp#27;[1m200000&amp#27;[0m&amp#27;[32m COP con telefono &amp#27;[0m&amp#27;[32m&amp#27;[1m3992222222&amp#27;[0m&amp#27;[32m y referencia &amp#27;[0m&amp#27;[32m&amp#27;[1mref-nequi-dec-005&amp#27;[0m &amp#27;[90m# co.e2e.wompi.stepdefinitions.WompiSteps.creoUnaTransaccionNequiPorMontoCOPConTelefonoTelefonoYReferenciaReferencia(java.lang.String,java.lang.String,java.lang.String)&amp#27;[0m
|---- Then la transaccion llega a un estado final DECLINED antes de agotar el tiempo de espera
|------ Then Estado final de la transacci&oacute;n should be 'DECLINED'
  &amp#27;[32mThen &amp#27;[0m&amp#27;[32mla transaccion llega a un estado final &amp#27;[0m&amp#27;[32m&amp#27;[1mDECLINED&amp#27;[0m&amp#27;[32m antes de agotar el tiempo de espera&amp#27;[0m              &amp#27;[90m# co.e2e.wompi.stepdefinitions.WompiSteps.laTransaccionLlegaAUnEstadoFinalEstadoFinalAntesDeAgotarElTiempoDeEspera(java.lang.String)&amp#27;[0m
]]></system-out>
  </testcase>
  <testcase name="Falla por firma de integridad invalida" classname="Pagos con nequi" time="2.085">
    <system-out><![CDATA[
@alterna1
Scenario: Falla por firma de integridad invalida                     &amp#27;[90m# src/test/resources/features/wompi_nequi.feature:19&amp#27;[0m
|-- Given Configuro el host y llaves
  &amp#27;[32mGiven &amp#27;[0m&amp#27;[32mConfiguro el host y llaves&amp#27;[0m                                   &amp#27;[90m# co.e2e.wompi.stepdefinitions.WompiSteps.configuroElHostYLlaves()&amp#27;[0m
|-- And Obtengo un acceptance token valido
|---- Qa get acceptance token
Request method:	GET
Request URI:	https://api-sandbox.co.uat.wompi.dev/v1/merchants/pub_stagtest_g2u0HQd3ZMh05hsSgTS2lUV8t3s4mOt7
Proxy:			<none>
Request params:	<none>
Query params:	<none>
Form params:	<none>
Path params:	<none>
Headers:		Accept=*/*
Cookies:		<none>
Multiparts:		<none>
Body:			<none>
HTTP/1.1 200 OK
Content-Type: application/json
Transfer-Encoding: chunked
Connection: keep-alive
Date: Tue, 19 Aug 2025 02:42:35 GMT
apigw-requestid: PiCoUjHwoAMEZlA=
vary: Origin
vary: accept-encoding
content-encoding: gzip
X-Cache: Miss from cloudfront
Via: 1.1 2e9033da1cf7b64ac622ab535b39a266.cloudfront.net (CloudFront)
X-Amz-Cf-Pop: MIA3-C3
X-Amz-Cf-Id: HUrDxPOSzaZPixm_aVD9-tMFJRuKtPJ6NE58wyCBTcakypKRM3x4xQ==
X-XSS-Protection: 1; mode=block
X-Frame-Options: SAMEORIGIN
Referrer-Policy: strict-origin-when-cross-origin
X-Content-Type-Options: nosniff
Strict-Transport-Security: max-age=31536000

{
    "data": {
        "id": 5113,
        "name": "Alejandra Pruebas Sandbox UAT",
        "email": "pruebasensandbox@yopmail.com",
        "contact_name": "Alejandra Pruebas Sandbox UAT",
        "phone_number": "+573000000000",
        "active": true,
        "logo_url": null,
        "legal_name": "Alejandra Pruebas Sandbox UAT",
        "legal_id_type": "CC",
        "legal_id": "1069879849",
        "public_key": "pub_stagtest_g2u0HQd3ZMh05hsSgTS2lUV8t3s4mOt7",
        "accepted_currencies": [
            "COP"
        ],
        "fraud_javascript_key": null,
        "fraud_groups": [
            
        ],
        "accepted_payment_methods": [
            "NEQUI",
            "PSE",
            "BANCOLOMBIA_TRANSFER",
            "CARD",
            "BANCOLOMBIA_COLLECT",
            "BANCOLOMBIA_QR",
            "DAVIPLATA",
            "BANCOLOMBIA_BNPL",
            "SU_PLUS"
        ],
        "payment_methods": [
            {
                "name": "BANCOLOMBIA_BNPL",
                "payment_processors": [
                    {
                        "name": "BANCOLOMBIA_BNPL_SANDBOX"
                    }
                ]
            },
            {
                "name": "BANCOLOMBIA_COLLECT",
                "payment_processors": [
                    {
                        "name": "BANCOLOMBIA_COLLECT_SANDBOX"
                    }
                ]
            },
            {
                "name": "BANCOLOMBIA_QR",
                "payment_processors": [
                    {
                        "name": "BANCOLOMBIA_QR_SANDBOX"
                    }
                ]
            },
            {
                "name": "BANCOLOMBIA_TRANSFER",
                "payment_processors": [
                    {
                        "name": "BANCOLOMBIA_TRANSFER_SANDBOX"
                    }
                ]
            },
            {
                "name": "CARD",
                "payment_processors": [
                    {
                        "name": "CARD_SANDBOX"
                    }
                ]
            },
            {
                "name": "DAVIPLATA",
                "payment_processors": [
                    {
                        "name": "DAVIPLATA_SANDBOX"
                    }
                ]
            },
            {
                "name": "NEQUI",
                "payment_processors": [
                    {
                        "name": "NEQUI_SANDBOX"
                    }
                ]
            },
            {
                "name": "PSE",
                "payment_processors": [
                    {
                        "name": "PSE_SANDBOX"
                    }
                ]
            },
            {
                "name": "SU_PLUS",
                "payment_processors": [
                    {
                        "name": "SU_PLUS_SANDBOX"
                    }
                ]
            }
        ],
        "presigned_acceptance": {
            "acceptance_token": "eyJhbGciOiJIUzI1NiJ9.eyJjb250cmFjdF9pZCI6MjQzLCJwZXJtYWxpbmsiOiJodHRwczovL3dvbXBpLmNvbS9hc3NldHMvZG93bmxvYWRibGUvcmVnbGFtZW50by1Vc3Vhcmlvcy1Db2xvbWJpYS5wZGYiLCJmaWxlX2hhc2giOiJkMWVkMDI3NjhlNDEzZWEyMzFmNzAwMjc0N2Y0N2FhOSIsImppdCI6IjE3NTU1NzEzNTUtNzA5NjIiLCJlbWFpbCI6IiIsImV4cCI6MTc1NTU3NDk1NX0.UxFHY3gAduI2crS10CD_5mAnKGhkyLRGgQO7wp2hIWw",
            "permalink": "https://wompi.com/assets/downloadble/reglamento-Usuarios-Colombia.pdf",
            "type": "END_USER_POLICY"
        },
        "presigned_personal_data_auth": {
            "acceptance_token": "eyJhbGciOiJIUzI1NiJ9.eyJjb250cmFjdF9pZCI6NDc0LCJwZXJtYWxpbmsiOiJodHRwczovL3dvbXBpLmNvbS9hc3NldHMvZG93bmxvYWRibGUvYXV0b3JpemFjaW9uLXRyYXRhbWllbnRvLWRhdG9zLXBlcnNvbmFsZXMucGRmIiwiZmlsZV9oYXNoIjoiNTE2ODYzZjA3NzZlZWY3NjBkNGI5OWFiMWJlZjRjNzgiLCJqaXQiOiIxNzU1NTcxMzU1LTM5Mzg3IiwiZW1haWwiOiIifQ.lYtl6URNCRUIaVUZc90rZkoSL8lApNiqnIFZoF-8umY",
            "permalink": "https://wompi.com/assets/downloadble/autorizacion-tratamiento-datos-personales.pdf",
            "type": "PERSONAL_DATA_AUTH"
        },
        "click_to_pay_dpa_id": null,
        "mcc": null,
        "acquirer_id": null
    },
    "meta": {
        
    }
}
  &amp#27;[32mAnd &amp#27;[0m&amp#27;[32mObtengo un acceptance token valido&amp#27;[0m                             &amp#27;[90m# co.e2e.wompi.stepdefinitions.WompiSteps.obtengoUnAcceptanceTokenValido()&amp#27;[0m
|-- When intento crear una transacción NEQUI con una firma invalida
|---- Qa get acceptance token
Request method:	GET
Request URI:	https://api-sandbox.co.uat.wompi.dev/v1/merchants/pub_stagtest_g2u0HQd3ZMh05hsSgTS2lUV8t3s4mOt7
Proxy:			<none>
Request params:	<none>
Query params:	<none>
Form params:	<none>
Path params:	<none>
Headers:		Accept=*/*
Cookies:		<none>
Multiparts:		<none>
Body:			<none>
HTTP/1.1 200 OK
Content-Type: application/json
Transfer-Encoding: chunked
Connection: keep-alive
Date: Tue, 19 Aug 2025 02:42:36 GMT
apigw-requestid: PiCoahc8IAMEJxA=
vary: Origin
vary: accept-encoding
content-encoding: gzip
X-Cache: Miss from cloudfront
Via: 1.1 dce51d45ef5ad8611b405be0de5fb2da.cloudfront.net (CloudFront)
X-Amz-Cf-Pop: MIA3-C3
X-Amz-Cf-Id: hb87YtiDJxRdBQBlyI2RvkcY9pkd6F-4M8woQEY2XNwKPRQdzQOyKw==
X-XSS-Protection: 1; mode=block
X-Frame-Options: SAMEORIGIN
Referrer-Policy: strict-origin-when-cross-origin
X-Content-Type-Options: nosniff
Strict-Transport-Security: max-age=31536000

{
    "data": {
        "id": 5113,
        "name": "Alejandra Pruebas Sandbox UAT",
        "email": "pruebasensandbox@yopmail.com",
        "contact_name": "Alejandra Pruebas Sandbox UAT",
        "phone_number": "+573000000000",
        "active": true,
        "logo_url": null,
        "legal_name": "Alejandra Pruebas Sandbox UAT",
        "legal_id_type": "CC",
        "legal_id": "1069879849",
        "public_key": "pub_stagtest_g2u0HQd3ZMh05hsSgTS2lUV8t3s4mOt7",
        "accepted_currencies": [
            "COP"
        ],
        "fraud_javascript_key": null,
        "fraud_groups": [
            
        ],
        "accepted_payment_methods": [
            "NEQUI",
            "PSE",
            "BANCOLOMBIA_TRANSFER",
            "CARD",
            "BANCOLOMBIA_COLLECT",
            "BANCOLOMBIA_QR",
            "DAVIPLATA",
            "BANCOLOMBIA_BNPL",
            "SU_PLUS"
        ],
        "payment_methods": [
            {
                "name": "BANCOLOMBIA_BNPL",
                "payment_processors": [
                    {
                        "name": "BANCOLOMBIA_BNPL_SANDBOX"
                    }
                ]
            },
            {
                "name": "BANCOLOMBIA_COLLECT",
                "payment_processors": [
                    {
                        "name": "BANCOLOMBIA_COLLECT_SANDBOX"
                    }
                ]
            },
            {
                "name": "BANCOLOMBIA_QR",
                "payment_processors": [
                    {
                        "name": "BANCOLOMBIA_QR_SANDBOX"
                    }
                ]
            },
            {
                "name": "BANCOLOMBIA_TRANSFER",
                "payment_processors": [
                    {
                        "name": "BANCOLOMBIA_TRANSFER_SANDBOX"
                    }
                ]
            },
            {
                "name": "CARD",
                "payment_processors": [
                    {
                        "name": "CARD_SANDBOX"
                    }
                ]
            },
            {
                "name": "DAVIPLATA",
                "payment_processors": [
                    {
                        "name": "DAVIPLATA_SANDBOX"
                    }
                ]
            },
            {
                "name": "NEQUI",
                "payment_processors": [
                    {
                        "name": "NEQUI_SANDBOX"
                    }
                ]
            },
            {
                "name": "PSE",
                "payment_processors": [
                    {
                        "name": "PSE_SANDBOX"
                    }
                ]
            },
            {
                "name": "SU_PLUS",
                "payment_processors": [
                    {
                        "name": "SU_PLUS_SANDBOX"
                    }
                ]
            }
        ],
        "presigned_acceptance": {
            "acceptance_token": "eyJhbGciOiJIUzI1NiJ9.eyJjb250cmFjdF9pZCI6MjQzLCJwZXJtYWxpbmsiOiJodHRwczovL3dvbXBpLmNvbS9hc3NldHMvZG93bmxvYWRibGUvcmVnbGFtZW50by1Vc3Vhcmlvcy1Db2xvbWJpYS5wZGYiLCJmaWxlX2hhc2giOiJkMWVkMDI3NjhlNDEzZWEyMzFmNzAwMjc0N2Y0N2FhOSIsImppdCI6IjE3NTU1NzEzNTUtNjAxMjAiLCJlbWFpbCI6IiIsImV4cCI6MTc1NTU3NDk1NX0.IIhpnA7R525qjzxPFKVeMFEozM1uVgdI0Uh23qVbDuA",
            "permalink": "https://wompi.com/assets/downloadble/reglamento-Usuarios-Colombia.pdf",
            "type": "END_USER_POLICY"
        },
        "presigned_personal_data_auth": {
            "acceptance_token": "eyJhbGciOiJIUzI1NiJ9.eyJjb250cmFjdF9pZCI6NDc0LCJwZXJtYWxpbmsiOiJodHRwczovL3dvbXBpLmNvbS9hc3NldHMvZG93bmxvYWRibGUvYXV0b3JpemFjaW9uLXRyYXRhbWllbnRvLWRhdG9zLXBlcnNvbmFsZXMucGRmIiwiZmlsZV9oYXNoIjoiNTE2ODYzZjA3NzZlZWY3NjBkNGI5OWFiMWJlZjRjNzgiLCJqaXQiOiIxNzU1NTcxMzU1LTEwODUxIiwiZW1haWwiOiIifQ.AtsV5SOcW9Gq6Sg3hw7jp3PN090kTrEW4yg_YRnzw-M",
            "permalink": "https://wompi.com/assets/downloadble/autorizacion-tratamiento-datos-personales.pdf",
            "type": "PERSONAL_DATA_AUTH"
        },
        "click_to_pay_dpa_id": null,
        "mcc": null,
        "acquirer_id": null
    },
    "meta": {
        
    }
}
|---- Qa create nequi transaction invalid signature
HTTP Status: 422
Response Body: {"error":{"type":"INPUT_VALIDATION_ERROR","messages":{"acceptance_token":["El token de aceptación está en un formato incorrecto"]}}}
  &amp#27;[32mWhen &amp#27;[0m&amp#27;[32mintento crear una transacciÃ³n NEQUI con una firma invalida&amp#27;[0m    &amp#27;[90m# co.e2e.wompi.stepdefinitions.WompiSteps.invalidSignature()&amp#27;[0m
|-- Then la API responde con código 422 o 400 indicando error de firma
|---- Then HTTP status code should be (is (422) or is (400))
  &amp#27;[32mThen &amp#27;[0m&amp#27;[32mla API responde con cÃ³digo 422 o 400 indicando error de firma&amp#27;[0m &amp#27;[90m# co.e2e.wompi.stepdefinitions.WompiSteps.assertInvalidSignature()&amp#27;[0m
]]></system-out>
  </testcase>
  <testcase name="Falla por acceptance_token ausente" classname="Pagos con nequi" time="1.506">
    <system-out><![CDATA[
@alterna2
Scenario: Falla por acceptance_token ausente                    &amp#27;[90m# src/test/resources/features/wompi_nequi.feature:24&amp#27;[0m
|-- Given Configuro el host y llaves
  &amp#27;[32mGiven &amp#27;[0m&amp#27;[32mConfiguro el host y llaves&amp#27;[0m                              &amp#27;[90m# co.e2e.wompi.stepdefinitions.WompiSteps.configuroElHostYLlaves()&amp#27;[0m
|-- And Obtengo un acceptance token valido
|---- Qa get acceptance token
Request method:	GET
Request URI:	https://api-sandbox.co.uat.wompi.dev/v1/merchants/pub_stagtest_g2u0HQd3ZMh05hsSgTS2lUV8t3s4mOt7
Proxy:			<none>
Request params:	<none>
Query params:	<none>
Form params:	<none>
Path params:	<none>
Headers:		Accept=*/*
Cookies:		<none>
Multiparts:		<none>
Body:			<none>
HTTP/1.1 200 OK
Content-Type: application/json
Transfer-Encoding: chunked
Connection: keep-alive
Date: Tue, 19 Aug 2025 02:42:37 GMT
apigw-requestid: PiCopiByoAMEPlg=
vary: Origin
vary: accept-encoding
content-encoding: gzip
X-Cache: Miss from cloudfront
Via: 1.1 72aa1f6d307a536bbaffdcdb498b124c.cloudfront.net (CloudFront)
X-Amz-Cf-Pop: MIA3-C3
X-Amz-Cf-Id: oPcs60iPBGWvr16-h9CZpUN7GrkeiL2nBksbmiO_-DodfGxqZ2qATA==
X-XSS-Protection: 1; mode=block
X-Frame-Options: SAMEORIGIN
Referrer-Policy: strict-origin-when-cross-origin
X-Content-Type-Options: nosniff
Strict-Transport-Security: max-age=31536000

{
    "data": {
        "id": 5113,
        "name": "Alejandra Pruebas Sandbox UAT",
        "email": "pruebasensandbox@yopmail.com",
        "contact_name": "Alejandra Pruebas Sandbox UAT",
        "phone_number": "+573000000000",
        "active": true,
        "logo_url": null,
        "legal_name": "Alejandra Pruebas Sandbox UAT",
        "legal_id_type": "CC",
        "legal_id": "1069879849",
        "public_key": "pub_stagtest_g2u0HQd3ZMh05hsSgTS2lUV8t3s4mOt7",
        "accepted_currencies": [
            "COP"
        ],
        "fraud_javascript_key": null,
        "fraud_groups": [
            
        ],
        "accepted_payment_methods": [
            "NEQUI",
            "PSE",
            "BANCOLOMBIA_TRANSFER",
            "CARD",
            "BANCOLOMBIA_COLLECT",
            "BANCOLOMBIA_QR",
            "DAVIPLATA",
            "BANCOLOMBIA_BNPL",
            "SU_PLUS"
        ],
        "payment_methods": [
            {
                "name": "BANCOLOMBIA_BNPL",
                "payment_processors": [
                    {
                        "name": "BANCOLOMBIA_BNPL_SANDBOX"
                    }
                ]
            },
            {
                "name": "BANCOLOMBIA_COLLECT",
                "payment_processors": [
                    {
                        "name": "BANCOLOMBIA_COLLECT_SANDBOX"
                    }
                ]
            },
            {
                "name": "BANCOLOMBIA_QR",
                "payment_processors": [
                    {
                        "name": "BANCOLOMBIA_QR_SANDBOX"
                    }
                ]
            },
            {
                "name": "BANCOLOMBIA_TRANSFER",
                "payment_processors": [
                    {
                        "name": "BANCOLOMBIA_TRANSFER_SANDBOX"
                    }
                ]
            },
            {
                "name": "CARD",
                "payment_processors": [
                    {
                        "name": "CARD_SANDBOX"
                    }
                ]
            },
            {
                "name": "DAVIPLATA",
                "payment_processors": [
                    {
                        "name": "DAVIPLATA_SANDBOX"
                    }
                ]
            },
            {
                "name": "NEQUI",
                "payment_processors": [
                    {
                        "name": "NEQUI_SANDBOX"
                    }
                ]
            },
            {
                "name": "PSE",
                "payment_processors": [
                    {
                        "name": "PSE_SANDBOX"
                    }
                ]
            },
            {
                "name": "SU_PLUS",
                "payment_processors": [
                    {
                        "name": "SU_PLUS_SANDBOX"
                    }
                ]
            }
        ],
        "presigned_acceptance": {
            "acceptance_token": "eyJhbGciOiJIUzI1NiJ9.eyJjb250cmFjdF9pZCI6MjQzLCJwZXJtYWxpbmsiOiJodHRwczovL3dvbXBpLmNvbS9hc3NldHMvZG93bmxvYWRibGUvcmVnbGFtZW50by1Vc3Vhcmlvcy1Db2xvbWJpYS5wZGYiLCJmaWxlX2hhc2giOiJkMWVkMDI3NjhlNDEzZWEyMzFmNzAwMjc0N2Y0N2FhOSIsImppdCI6IjE3NTU1NzEzNTctMTA3MTYiLCJlbWFpbCI6IiIsImV4cCI6MTc1NTU3NDk1N30.nkN6gHGGgqn1l7SnITwMenYBRmd5Rqlj8fnya4f4xmo",
            "permalink": "https://wompi.com/assets/downloadble/reglamento-Usuarios-Colombia.pdf",
            "type": "END_USER_POLICY"
        },
        "presigned_personal_data_auth": {
            "acceptance_token": "eyJhbGciOiJIUzI1NiJ9.eyJjb250cmFjdF9pZCI6NDc0LCJwZXJtYWxpbmsiOiJodHRwczovL3dvbXBpLmNvbS9hc3NldHMvZG93bmxvYWRibGUvYXV0b3JpemFjaW9uLXRyYXRhbWllbnRvLWRhdG9zLXBlcnNvbmFsZXMucGRmIiwiZmlsZV9oYXNoIjoiNTE2ODYzZjA3NzZlZWY3NjBkNGI5OWFiMWJlZjRjNzgiLCJqaXQiOiIxNzU1NTcxMzU3LTg1MTk5IiwiZW1haWwiOiIifQ.m_T9rsXYFZezgWdgiQdfFoMyY05neK3rntjqoOoHg-A",
            "permalink": "https://wompi.com/assets/downloadble/autorizacion-tratamiento-datos-personales.pdf",
            "type": "PERSONAL_DATA_AUTH"
        },
        "click_to_pay_dpa_id": null,
        "mcc": null,
        "acquirer_id": null
    },
    "meta": {
        
    }
}
  &amp#27;[32mAnd &amp#27;[0m&amp#27;[32mObtengo un acceptance token valido&amp#27;[0m                        &amp#27;[90m# co.e2e.wompi.stepdefinitions.WompiSteps.obtengoUnAcceptanceTokenValido()&amp#27;[0m
|-- Given que limpio el acceptance_token en memoria
  &amp#27;[32mGiven &amp#27;[0m&amp#27;[32mque limpio el acceptance_token en memoria&amp#27;[0m               &amp#27;[90m# co.e2e.wompi.stepdefinitions.WompiSteps.clearAcceptance()&amp#27;[0m
|-- When intento crear una transaccion NEQUI sin acceptance_token
  &amp#27;[32mWhen &amp#27;[0m&amp#27;[32mintento crear una transaccion NEQUI sin acceptance_token&amp#27;[0m &amp#27;[90m# co.e2e.wompi.stepdefinitions.WompiSteps.createWithoutAcceptance()&amp#27;[0m
|-- Then la API responde con error por parametros invalidos
|---- Then el c&oacute;digo HTTP should be (422)
|---- Then el estado de la transacci&oacute;n should be a string containing 'UNKNOWN'
  &amp#27;[32mThen &amp#27;[0m&amp#27;[32mla API responde con error por parametros invalidos&amp#27;[0m       &amp#27;[90m# co.e2e.wompi.stepdefinitions.WompiSteps.laAPIRespondeConErrorPorParametrosInvalidos()&amp#27;[0m
]]></system-out>
  </testcase>
  <testcase name="Obtener acceptance_token desde /merchants/{PUBLIC_KEY}" classname="Pagos con nequi" time="1.101">
    <system-out><![CDATA[
@sanidad
Scenario: Obtener acceptance_token desde /merchants/{PUBLIC_KEY} &amp#27;[90m# src/test/resources/features/wompi_nequi.feature:30&amp#27;[0m
|-- Given Configuro el host y llaves
  &amp#27;[32mGiven &amp#27;[0m&amp#27;[32mConfiguro el host y llaves&amp#27;[0m                               &amp#27;[90m# co.e2e.wompi.stepdefinitions.WompiSteps.configuroElHostYLlaves()&amp#27;[0m
|-- And Obtengo un acceptance token valido
|---- Qa get acceptance token
Request method:	GET
Request URI:	https://api-sandbox.co.uat.wompi.dev/v1/merchants/pub_stagtest_g2u0HQd3ZMh05hsSgTS2lUV8t3s4mOt7
Proxy:			<none>
Request params:	<none>
Query params:	<none>
Form params:	<none>
Path params:	<none>
Headers:		Accept=*/*
Cookies:		<none>
Multiparts:		<none>
Body:			<none>
HTTP/1.1 200 OK
Content-Type: application/json
Transfer-Encoding: chunked
Connection: keep-alive
Date: Tue, 19 Aug 2025 02:42:39 GMT
apigw-requestid: PiCo5gx1IAMEJzA=
vary: Origin
vary: accept-encoding
content-encoding: gzip
X-Cache: Miss from cloudfront
Via: 1.1 d7db6b9cdf796f6ea0cdbe5b3a75c84a.cloudfront.net (CloudFront)
X-Amz-Cf-Pop: MIA3-C3
X-Amz-Cf-Id: 4yJSOaV6yCajp-513f5tUPsCuN6Eo9Ogb8_x8zrqMQsy3LPXaQXfTw==
X-XSS-Protection: 1; mode=block
X-Frame-Options: SAMEORIGIN
Referrer-Policy: strict-origin-when-cross-origin
X-Content-Type-Options: nosniff
Strict-Transport-Security: max-age=31536000

{
    "data": {
        "id": 5113,
        "name": "Alejandra Pruebas Sandbox UAT",
        "email": "pruebasensandbox@yopmail.com",
        "contact_name": "Alejandra Pruebas Sandbox UAT",
        "phone_number": "+573000000000",
        "active": true,
        "logo_url": null,
        "legal_name": "Alejandra Pruebas Sandbox UAT",
        "legal_id_type": "CC",
        "legal_id": "1069879849",
        "public_key": "pub_stagtest_g2u0HQd3ZMh05hsSgTS2lUV8t3s4mOt7",
        "accepted_currencies": [
            "COP"
        ],
        "fraud_javascript_key": null,
        "fraud_groups": [
            
        ],
        "accepted_payment_methods": [
            "NEQUI",
            "PSE",
            "BANCOLOMBIA_TRANSFER",
            "CARD",
            "BANCOLOMBIA_COLLECT",
            "BANCOLOMBIA_QR",
            "DAVIPLATA",
            "BANCOLOMBIA_BNPL",
            "SU_PLUS"
        ],
        "payment_methods": [
            {
                "name": "BANCOLOMBIA_BNPL",
                "payment_processors": [
                    {
                        "name": "BANCOLOMBIA_BNPL_SANDBOX"
                    }
                ]
            },
            {
                "name": "BANCOLOMBIA_COLLECT",
                "payment_processors": [
                    {
                        "name": "BANCOLOMBIA_COLLECT_SANDBOX"
                    }
                ]
            },
            {
                "name": "BANCOLOMBIA_QR",
                "payment_processors": [
                    {
                        "name": "BANCOLOMBIA_QR_SANDBOX"
                    }
                ]
            },
            {
                "name": "BANCOLOMBIA_TRANSFER",
                "payment_processors": [
                    {
                        "name": "BANCOLOMBIA_TRANSFER_SANDBOX"
                    }
                ]
            },
            {
                "name": "CARD",
                "payment_processors": [
                    {
                        "name": "CARD_SANDBOX"
                    }
                ]
            },
            {
                "name": "DAVIPLATA",
                "payment_processors": [
                    {
                        "name": "DAVIPLATA_SANDBOX"
                    }
                ]
            },
            {
                "name": "NEQUI",
                "payment_processors": [
                    {
                        "name": "NEQUI_SANDBOX"
                    }
                ]
            },
            {
                "name": "PSE",
                "payment_processors": [
                    {
                        "name": "PSE_SANDBOX"
                    }
                ]
            },
            {
                "name": "SU_PLUS",
                "payment_processors": [
                    {
                        "name": "SU_PLUS_SANDBOX"
                    }
                ]
            }
        ],
        "presigned_acceptance": {
            "acceptance_token": "eyJhbGciOiJIUzI1NiJ9.eyJjb250cmFjdF9pZCI6MjQzLCJwZXJtYWxpbmsiOiJodHRwczovL3dvbXBpLmNvbS9hc3NldHMvZG93bmxvYWRibGUvcmVnbGFtZW50by1Vc3Vhcmlvcy1Db2xvbWJpYS5wZGYiLCJmaWxlX2hhc2giOiJkMWVkMDI3NjhlNDEzZWEyMzFmNzAwMjc0N2Y0N2FhOSIsImppdCI6IjE3NTU1NzEzNTktOTM3MjkiLCJlbWFpbCI6IiIsImV4cCI6MTc1NTU3NDk1OX0.NAeYXNjuFJ-3S-0E10oWZk2eTWHVzPNGdUckiak5zd4",
            "permalink": "https://wompi.com/assets/downloadble/reglamento-Usuarios-Colombia.pdf",
            "type": "END_USER_POLICY"
        },
        "presigned_personal_data_auth": {
            "acceptance_token": "eyJhbGciOiJIUzI1NiJ9.eyJjb250cmFjdF9pZCI6NDc0LCJwZXJtYWxpbmsiOiJodHRwczovL3dvbXBpLmNvbS9hc3NldHMvZG93bmxvYWRibGUvYXV0b3JpemFjaW9uLXRyYXRhbWllbnRvLWRhdG9zLXBlcnNvbmFsZXMucGRmIiwiZmlsZV9oYXNoIjoiNTE2ODYzZjA3NzZlZWY3NjBkNGI5OWFiMWJlZjRjNzgiLCJqaXQiOiIxNzU1NTcxMzU5LTY4MzE0IiwiZW1haWwiOiIifQ.cGrt1-sLuWCKsiUychmJw1y6opZePb6TwOk-nvneP_Q",
            "permalink": "https://wompi.com/assets/downloadble/autorizacion-tratamiento-datos-personales.pdf",
            "type": "PERSONAL_DATA_AUTH"
        },
        "click_to_pay_dpa_id": null,
        "mcc": null,
        "acquirer_id": null
    },
    "meta": {
        
    }
}
  &amp#27;[32mAnd &amp#27;[0m&amp#27;[32mObtengo un acceptance token valido&amp#27;[0m                         &amp#27;[90m# co.e2e.wompi.stepdefinitions.WompiSteps.obtengoUnAcceptanceTokenValido()&amp#27;[0m
|-- When consulto el endpoint de merchants con la llave pública
|---- Qa get acceptance token
Request method:	GET
Request URI:	https://api-sandbox.co.uat.wompi.dev/v1/merchants/pub_stagtest_g2u0HQd3ZMh05hsSgTS2lUV8t3s4mOt7
Proxy:			<none>
Request params:	<none>
Query params:	<none>
Form params:	<none>
Path params:	<none>
Headers:		Accept=*/*
Cookies:		<none>
Multiparts:		<none>
Body:			<none>
HTTP/1.1 200 OK
Content-Type: application/json
Transfer-Encoding: chunked
Connection: keep-alive
Date: Tue, 19 Aug 2025 02:42:39 GMT
apigw-requestid: PiCo9iN_IAMEJMg=
vary: Origin
vary: accept-encoding
content-encoding: gzip
X-Cache: Miss from cloudfront
Via: 1.1 64f46386c7d793ef08095943662bb42a.cloudfront.net (CloudFront)
X-Amz-Cf-Pop: MIA3-C3
X-Amz-Cf-Id: vqheZa0Lan4SEuvbZ6YK3_zOn2x3Lb4ULY6dder0UP9eCdGccC6GPw==
X-XSS-Protection: 1; mode=block
X-Frame-Options: SAMEORIGIN
Referrer-Policy: strict-origin-when-cross-origin
X-Content-Type-Options: nosniff
Strict-Transport-Security: max-age=31536000

{
    "data": {
        "id": 5113,
        "name": "Alejandra Pruebas Sandbox UAT",
        "email": "pruebasensandbox@yopmail.com",
        "contact_name": "Alejandra Pruebas Sandbox UAT",
        "phone_number": "+573000000000",
        "active": true,
        "logo_url": null,
        "legal_name": "Alejandra Pruebas Sandbox UAT",
        "legal_id_type": "CC",
        "legal_id": "1069879849",
        "public_key": "pub_stagtest_g2u0HQd3ZMh05hsSgTS2lUV8t3s4mOt7",
        "accepted_currencies": [
            "COP"
        ],
        "fraud_javascript_key": null,
        "fraud_groups": [
            
        ],
        "accepted_payment_methods": [
            "NEQUI",
            "PSE",
            "BANCOLOMBIA_TRANSFER",
            "CARD",
            "BANCOLOMBIA_COLLECT",
            "BANCOLOMBIA_QR",
            "DAVIPLATA",
            "BANCOLOMBIA_BNPL",
            "SU_PLUS"
        ],
        "payment_methods": [
            {
                "name": "BANCOLOMBIA_BNPL",
                "payment_processors": [
                    {
                        "name": "BANCOLOMBIA_BNPL_SANDBOX"
                    }
                ]
            },
            {
                "name": "BANCOLOMBIA_COLLECT",
                "payment_processors": [
                    {
                        "name": "BANCOLOMBIA_COLLECT_SANDBOX"
                    }
                ]
            },
            {
                "name": "BANCOLOMBIA_QR",
                "payment_processors": [
                    {
                        "name": "BANCOLOMBIA_QR_SANDBOX"
                    }
                ]
            },
            {
                "name": "BANCOLOMBIA_TRANSFER",
                "payment_processors": [
                    {
                        "name": "BANCOLOMBIA_TRANSFER_SANDBOX"
                    }
                ]
            },
            {
                "name": "CARD",
                "payment_processors": [
                    {
                        "name": "CARD_SANDBOX"
                    }
                ]
            },
            {
                "name": "DAVIPLATA",
                "payment_processors": [
                    {
                        "name": "DAVIPLATA_SANDBOX"
                    }
                ]
            },
            {
                "name": "NEQUI",
                "payment_processors": [
                    {
                        "name": "NEQUI_SANDBOX"
                    }
                ]
            },
            {
                "name": "PSE",
                "payment_processors": [
                    {
                        "name": "PSE_SANDBOX"
                    }
                ]
            },
            {
                "name": "SU_PLUS",
                "payment_processors": [
                    {
                        "name": "SU_PLUS_SANDBOX"
                    }
                ]
            }
        ],
        "presigned_acceptance": {
            "acceptance_token": "eyJhbGciOiJIUzI1NiJ9.eyJjb250cmFjdF9pZCI6MjQzLCJwZXJtYWxpbmsiOiJodHRwczovL3dvbXBpLmNvbS9hc3NldHMvZG93bmxvYWRibGUvcmVnbGFtZW50by1Vc3Vhcmlvcy1Db2xvbWJpYS5wZGYiLCJmaWxlX2hhc2giOiJkMWVkMDI3NjhlNDEzZWEyMzFmNzAwMjc0N2Y0N2FhOSIsImppdCI6IjE3NTU1NzEzNTktNzQ4NjUiLCJlbWFpbCI6IiIsImV4cCI6MTc1NTU3NDk1OX0.tvyi-1JYIlT-msbUMuz6Xkj_JwbRPBbmNFicdqxj4gk",
            "permalink": "https://wompi.com/assets/downloadble/reglamento-Usuarios-Colombia.pdf",
            "type": "END_USER_POLICY"
        },
        "presigned_personal_data_auth": {
            "acceptance_token": "eyJhbGciOiJIUzI1NiJ9.eyJjb250cmFjdF9pZCI6NDc0LCJwZXJtYWxpbmsiOiJodHRwczovL3dvbXBpLmNvbS9hc3NldHMvZG93bmxvYWRibGUvYXV0b3JpemFjaW9uLXRyYXRhbWllbnRvLWRhdG9zLXBlcnNvbmFsZXMucGRmIiwiZmlsZV9oYXNoIjoiNTE2ODYzZjA3NzZlZWY3NjBkNGI5OWFiMWJlZjRjNzgiLCJqaXQiOiIxNzU1NTcxMzU5LTgxODkxIiwiZW1haWwiOiIifQ.oDP9wzUOZyvlPU5JCedMMGVdTce7pCRmlsTIVNrXDd0",
            "permalink": "https://wompi.com/assets/downloadble/autorizacion-tratamiento-datos-personales.pdf",
            "type": "PERSONAL_DATA_AUTH"
        },
        "click_to_pay_dpa_id": null,
        "mcc": null,
        "acquirer_id": null
    },
    "meta": {
        
    }
}
  &amp#27;[32mWhen &amp#27;[0m&amp#27;[32mconsulto el endpoint de merchants con la llave pÃºblica&amp#27;[0m    &amp#27;[90m# co.e2e.wompi.stepdefinitions.WompiSteps.consultMerchants()&amp#27;[0m
|-- Then recibo un acceptance_token no vacío
|---- Then el acceptance_token should be not (null or an empty string)
  &amp#27;[32mThen &amp#27;[0m&amp#27;[32mrecibo un acceptance_token no vacÃ­o&amp#27;[0m                       &amp#27;[90m# co.e2e.wompi.stepdefinitions.WompiSteps.assertAcceptance()&amp#27;[0m
]]></system-out>
  </testcase>
</testsuite>